
**** Build of configuration Debug for project SoftPWM_5529 ****

"C:\\ti\\ccsv7\\utils\\bin\\gmake" -k -j 4 all -O 
'Building file: ../main.c'
'Invoking: MSP430 Compiler'
"C:/ti/ccsv7/tools/compiler/ti-cgt-msp430_16.9.3.LTS/bin/cl430" -vmspx --data_model=restricted --use_hw_mpy=F5 --include_path="C:/ti/ccsv7/ccs_base/msp430/include" --include_path="C:/Users/Jenna/Documents/SChool/Semester 5/Embedded/Project/lab-4-timers-and-pwm-Crumpets4Ever/SoftPWM_5529" --include_path="C:/ti/ccsv7/tools/compiler/ti-cgt-msp430_16.9.3.LTS/include" --advice:power=all --define=__MSP430F5529__ -g --printf_support=minimal --diag_warning=225 --diag_wrap=off --display_error_number --silicon_errata=CPU21 --silicon_errata=CPU22 --silicon_errata=CPU23 --silicon_errata=CPU40 --preproc_with_compile --preproc_dependency="main.d"  "../main.c"
"C:/ti/ccsv7/tools/compiler/ti-cgt-msp430_16.9.3.LTS/include/_defs.h", line 203 (col. 27): remark #1531-D: (ULP 5.2) Detected floating point operation(s). Recommend moving them to RAM during run time or not using as these are processing/power intensive
"C:/ti/ccsv7/tools/compiler/ti-cgt-msp430_16.9.3.LTS/include/_defs.h", line 204 (col. 10): remark #1531-D: (ULP 5.2) Detected floating point operation(s). Recommend moving them to RAM during run time or not using as these are processing/power intensive
"C:/ti/ccsv7/tools/compiler/ti-cgt-msp430_16.9.3.LTS/include/_defs.h", line 205 (col. 27): remark #1531-D: (ULP 5.2) Detected floating point operation(s). Recommend moving them to RAM during run time or not using as these are processing/power intensive
"C:/ti/ccsv7/tools/compiler/ti-cgt-msp430_16.9.3.LTS/include/_defs.h", line 206 (col. 10): remark #1531-D: (ULP 5.2) Detected floating point operation(s). Recommend moving them to RAM during run time or not using as these are processing/power intensive
"C:/ti/ccsv7/tools/compiler/ti-cgt-msp430_16.9.3.LTS/include/_defs.h", line 207 (col. 27): remark #1531-D: (ULP 5.2) Detected floating point operation(s). Recommend moving them to RAM during run time or not using as these are processing/power intensive
"C:/ti/ccsv7/tools/compiler/ti-cgt-msp430_16.9.3.LTS/include/_defs.h", line 208 (col. 10): remark #1531-D: (ULP 5.2) Detected floating point operation(s). Recommend moving them to RAM during run time or not using as these are processing/power intensive
"C:/ti/ccsv7/tools/compiler/ti-cgt-msp430_16.9.3.LTS/include/_defs.h", line 210 (col. 27): remark #1531-D: (ULP 5.2) Detected floating point operation(s). Recommend moving them to RAM during run time or not using as these are processing/power intensive
"C:/ti/ccsv7/tools/compiler/ti-cgt-msp430_16.9.3.LTS/include/_defs.h", line 211 (col. 10): remark #1531-D: (ULP 5.2) Detected floating point operation(s). Recommend moving them to RAM during run time or not using as these are processing/power intensive
"C:/ti/ccsv7/tools/compiler/ti-cgt-msp430_16.9.3.LTS/include/_defs.h", line 212 (col. 10): remark #1531-D: (ULP 5.2) Detected floating point operation(s). Recommend moving them to RAM during run time or not using as these are processing/power intensive
"C:/ti/ccsv7/tools/compiler/ti-cgt-msp430_16.9.3.LTS/include/_defs.h", line 213 (col. 27): remark #1531-D: (ULP 5.2) Detected floating point operation(s). Recommend moving them to RAM during run time or not using as these are processing/power intensive
"C:/ti/ccsv7/tools/compiler/ti-cgt-msp430_16.9.3.LTS/include/_defs.h", line 214 (col. 10): remark #1531-D: (ULP 5.2) Detected floating point operation(s). Recommend moving them to RAM during run time or not using as these are processing/power intensive
"C:/ti/ccsv7/tools/compiler/ti-cgt-msp430_16.9.3.LTS/include/_defs.h", line 215 (col. 10): remark #1531-D: (ULP 5.2) Detected floating point operation(s). Recommend moving them to RAM during run time or not using as these are processing/power intensive
"C:/ti/ccsv7/tools/compiler/ti-cgt-msp430_16.9.3.LTS/include/_defs.h", line 216 (col. 27): remark #1531-D: (ULP 5.2) Detected floating point operation(s). Recommend moving them to RAM during run time or not using as these are processing/power intensive
"C:/ti/ccsv7/tools/compiler/ti-cgt-msp430_16.9.3.LTS/include/_defs.h", line 217 (col. 10): remark #1531-D: (ULP 5.2) Detected floating point operation(s). Recommend moving them to RAM during run time or not using as these are processing/power intensive
"C:/ti/ccsv7/tools/compiler/ti-cgt-msp430_16.9.3.LTS/include/_defs.h", line 218 (col. 10): remark #1531-D: (ULP 5.2) Detected floating point operation(s). Recommend moving them to RAM during run time or not using as these are processing/power intensive
"C:/ti/ccsv7/tools/compiler/ti-cgt-msp430_16.9.3.LTS/include/_defs.h", line 220 (col. 27): remark #1531-D: (ULP 5.2) Detected floating point operation(s). Recommend moving them to RAM during run time or not using as these are processing/power intensive
"C:/ti/ccsv7/tools/compiler/ti-cgt-msp430_16.9.3.LTS/include/_defs.h", line 221 (col. 11): remark #1531-D: (ULP 5.2) Detected floating point operation(s). Recommend moving them to RAM during run time or not using as these are processing/power intensive
"C:/ti/ccsv7/tools/compiler/ti-cgt-msp430_16.9.3.LTS/include/_defs.h", line 222 (col. 11): remark #1531-D: (ULP 5.2) Detected floating point operation(s). Recommend moving them to RAM during run time or not using as these are processing/power intensive
"C:/ti/ccsv7/tools/compiler/ti-cgt-msp430_16.9.3.LTS/include/_defs.h", line 224 (col. 27): remark #1531-D: (ULP 5.2) Detected floating point operation(s). Recommend moving them to RAM during run time or not using as these are processing/power intensive
"C:/ti/ccsv7/tools/compiler/ti-cgt-msp430_16.9.3.LTS/include/_defs.h", line 225 (col. 11): remark #1531-D: (ULP 5.2) Detected floating point operation(s). Recommend moving them to RAM during run time or not using as these are processing/power intensive
"C:/ti/ccsv7/tools/compiler/ti-cgt-msp430_16.9.3.LTS/include/_defs.h", line 226 (col. 11): remark #1531-D: (ULP 5.2) Detected floating point operation(s). Recommend moving them to RAM during run time or not using as these are processing/power intensive
"C:/ti/ccsv7/tools/compiler/ti-cgt-msp430_16.9.3.LTS/include/_defs.h", line 228 (col. 27): remark #1531-D: (ULP 5.2) Detected floating point operation(s). Recommend moving them to RAM during run time or not using as these are processing/power intensive
"C:/ti/ccsv7/tools/compiler/ti-cgt-msp430_16.9.3.LTS/include/_defs.h", line 229 (col. 11): remark #1531-D: (ULP 5.2) Detected floating point operation(s). Recommend moving them to RAM during run time or not using as these are processing/power intensive
"C:/ti/ccsv7/tools/compiler/ti-cgt-msp430_16.9.3.LTS/include/_defs.h", line 230 (col. 11): remark #1531-D: (ULP 5.2) Detected floating point operation(s). Recommend moving them to RAM during run time or not using as these are processing/power intensive
"C:/ti/ccsv7/tools/compiler/ti-cgt-msp430_16.9.3.LTS/include/_defs.h", line 232 (col. 27): remark #1531-D: (ULP 5.2) Detected floating point operation(s). Recommend moving them to RAM during run time or not using as these are processing/power intensive
"C:/ti/ccsv7/tools/compiler/ti-cgt-msp430_16.9.3.LTS/include/_defs.h", line 233 (col. 10): remark #1531-D: (ULP 5.2) Detected floating point operation(s). Recommend moving them to RAM during run time or not using as these are processing/power intensive
"C:/ti/ccsv7/tools/compiler/ti-cgt-msp430_16.9.3.LTS/include/_defs.h", line 234 (col. 27): remark #1531-D: (ULP 5.2) Detected floating point operation(s). Recommend moving them to RAM during run time or not using as these are processing/power intensive
"C:/ti/ccsv7/tools/compiler/ti-cgt-msp430_16.9.3.LTS/include/_defs.h", line 235 (col. 10): remark #1531-D: (ULP 5.2) Detected floating point operation(s). Recommend moving them to RAM during run time or not using as these are processing/power intensive
"C:/ti/ccsv7/tools/compiler/ti-cgt-msp430_16.9.3.LTS/include/_defs.h", line 236 (col. 27): remark #1531-D: (ULP 5.2) Detected floating point operation(s). Recommend moving them to RAM during run time or not using as these are processing/power intensive
"C:/ti/ccsv7/tools/compiler/ti-cgt-msp430_16.9.3.LTS/include/_defs.h", line 237 (col. 10): remark #1531-D: (ULP 5.2) Detected floating point operation(s). Recommend moving them to RAM during run time or not using as these are processing/power intensive
"C:/ti/ccsv7/tools/compiler/ti-cgt-msp430_16.9.3.LTS/include/_defs.h", line 243 (col. 27): remark #1531-D: (ULP 5.2) Detected floating point operation(s). Recommend moving them to RAM during run time or not using as these are processing/power intensive
"C:/ti/ccsv7/tools/compiler/ti-cgt-msp430_16.9.3.LTS/include/_defs.h", line 244 (col. 10): remark #1531-D: (ULP 5.2) Detected floating point operation(s). Recommend moving them to RAM during run time or not using as these are processing/power intensive
"C:/ti/ccsv7/tools/compiler/ti-cgt-msp430_16.9.3.LTS/include/_defs.h", line 245 (col. 27): remark #1531-D: (ULP 5.2) Detected floating point operation(s). Recommend moving them to RAM during run time or not using as these are processing/power intensive
"C:/ti/ccsv7/tools/compiler/ti-cgt-msp430_16.9.3.LTS/include/_defs.h", line 246 (col. 10): remark #1531-D: (ULP 5.2) Detected floating point operation(s). Recommend moving them to RAM during run time or not using as these are processing/power intensive
"C:/ti/ccsv7/tools/compiler/ti-cgt-msp430_16.9.3.LTS/include/_defs.h", line 247 (col. 27): remark #1531-D: (ULP 5.2) Detected floating point operation(s). Recommend moving them to RAM during run time or not using as these are processing/power intensive
"C:/ti/ccsv7/tools/compiler/ti-cgt-msp430_16.9.3.LTS/include/_defs.h", line 248 (col. 10): remark #1531-D: (ULP 5.2) Detected floating point operation(s). Recommend moving them to RAM during run time or not using as these are processing/power intensive
"C:/ti/ccsv7/tools/compiler/ti-cgt-msp430_16.9.3.LTS/include/_defs.h", line 257 (col. 27): remark #1531-D: (ULP 5.2) Detected floating point operation(s). Recommend moving them to RAM during run time or not using as these are processing/power intensive
"C:/ti/ccsv7/tools/compiler/ti-cgt-msp430_16.9.3.LTS/include/_defs.h", line 259 (col. 9): remark #1531-D: (ULP 5.2) Detected floating point operation(s). Recommend moving them to RAM during run time or not using as these are processing/power intensive
"C:/ti/ccsv7/tools/compiler/ti-cgt-msp430_16.9.3.LTS/include/_defs.h", line 261 (col. 13): remark #1531-D: (ULP 5.2) Detected floating point operation(s). Recommend moving them to RAM during run time or not using as these are processing/power intensive
"C:/ti/ccsv7/tools/compiler/ti-cgt-msp430_16.9.3.LTS/include/_defs.h", line 265 (col. 9): remark #1531-D: (ULP 5.2) Detected floating point operation(s). Recommend moving them to RAM during run time or not using as these are processing/power intensive
"C:/ti/ccsv7/tools/compiler/ti-cgt-msp430_16.9.3.LTS/include/_defs.h", line 267 (col. 13): remark #1531-D: (ULP 5.2) Detected floating point operation(s). Recommend moving them to RAM during run time or not using as these are processing/power intensive
"C:/ti/ccsv7/tools/compiler/ti-cgt-msp430_16.9.3.LTS/include/_defs.h", line 274 (col. 27): remark #1531-D: (ULP 5.2) Detected floating point operation(s). Recommend moving them to RAM during run time or not using as these are processing/power intensive
"C:/ti/ccsv7/tools/compiler/ti-cgt-msp430_16.9.3.LTS/include/_defs.h", line 276 (col. 9): remark #1531-D: (ULP 5.2) Detected floating point operation(s). Recommend moving them to RAM during run time or not using as these are processing/power intensive
"C:/ti/ccsv7/tools/compiler/ti-cgt-msp430_16.9.3.LTS/include/_defs.h", line 278 (col. 13): remark #1531-D: (ULP 5.2) Detected floating point operation(s). Recommend moving them to RAM during run time or not using as these are processing/power intensive
"C:/ti/ccsv7/tools/compiler/ti-cgt-msp430_16.9.3.LTS/include/_defs.h", line 282 (col. 9): remark #1531-D: (ULP 5.2) Detected floating point operation(s). Recommend moving them to RAM during run time or not using as these are processing/power intensive
"C:/ti/ccsv7/tools/compiler/ti-cgt-msp430_16.9.3.LTS/include/_defs.h", line 284 (col. 13): remark #1531-D: (ULP 5.2) Detected floating point operation(s). Recommend moving them to RAM during run time or not using as these are processing/power intensive
"C:/ti/ccsv7/tools/compiler/ti-cgt-msp430_16.9.3.LTS/include/_defs.h", line 291 (col. 27): remark #1531-D: (ULP 5.2) Detected floating point operation(s). Recommend moving them to RAM during run time or not using as these are processing/power intensive
"C:/ti/ccsv7/tools/compiler/ti-cgt-msp430_16.9.3.LTS/include/_defs.h", line 293 (col. 9): remark #1531-D: (ULP 5.2) Detected floating point operation(s). Recommend moving them to RAM during run time or not using as these are processing/power intensive
"C:/ti/ccsv7/tools/compiler/ti-cgt-msp430_16.9.3.LTS/include/_defs.h", line 295 (col. 13): remark #1531-D: (ULP 5.2) Detected floating point operation(s). Recommend moving them to RAM during run time or not using as these are processing/power intensive
"C:/ti/ccsv7/tools/compiler/ti-cgt-msp430_16.9.3.LTS/include/_defs.h", line 299 (col. 9): remark #1531-D: (ULP 5.2) Detected floating point operation(s). Recommend moving them to RAM during run time or not using as these are processing/power intensive
"C:/ti/ccsv7/tools/compiler/ti-cgt-msp430_16.9.3.LTS/include/_defs.h", line 301 (col. 13): remark #1531-D: (ULP 5.2) Detected floating point operation(s). Recommend moving them to RAM during run time or not using as these are processing/power intensive
'Finished building: ../main.c'
' '
'Building target: SoftPWM_5529.out'
'Invoking: MSP430 Linker'
"C:/ti/ccsv7/tools/compiler/ti-cgt-msp430_16.9.3.LTS/bin/cl430" -vmspx --data_model=restricted --use_hw_mpy=F5 --advice:power=all --define=__MSP430F5529__ -g --printf_support=minimal --diag_warning=225 --diag_wrap=off --display_error_number --silicon_errata=CPU21 --silicon_errata=CPU22 --silicon_errata=CPU23 --silicon_errata=CPU40 -z -m"SoftPWM_5529.map" --heap_size=160 --stack_size=160 --cinit_hold_wdt=on -i"C:/ti/ccsv7/ccs_base/msp430/include" -i"C:/ti/ccsv7/ccs_base/msp430/lib/5xx_6xx_FRxx" -i"C:/ti/ccsv7/tools/compiler/ti-cgt-msp430_16.9.3.LTS/lib" -i"C:/ti/ccsv7/tools/compiler/ti-cgt-msp430_16.9.3.LTS/include" --reread_libs --diag_wrap=off --display_error_number --warn_sections --xml_link_info="SoftPWM_5529_linkInfo.xml" --use_hw_mpy=F5 --rom_model -o "SoftPWM_5529.out" "./main.obj" "../lnk_msp430f5529.cmd"  -llibmath.a -llibc.a 
<Linking>
remark #10372-D: (ULP 4.1) Detected uninitialized Port B in this project. Recommend initializing all unused ports to eliminate wasted current consumption on unused pins.
remark #10372-D: (ULP 4.1) Detected uninitialized Port C in this project. Recommend initializing all unused ports to eliminate wasted current consumption on unused pins.
remark #10372-D: (ULP 4.1) Detected uninitialized Port D in this project. Recommend initializing all unused ports to eliminate wasted current consumption on unused pins.
'Finished building target: SoftPWM_5529.out'
' '

**** Build Finished ****
